<?xml version="1.0" encoding="UTF-8"?>
<testsuite time='0.000108' skipped='0' failures='0' errors='0' name="TestRomanNumerals" assertions='9' tests='9'>
  <testcase time='0.000030' file="test.rb" name="test_11_equals_XI" assertions='1'>
  </testcase>
  <testcase time='0.000010' file="test.rb" name="test_5_equals_V" assertions='1'>
  </testcase>
  <testcase time='0.000012' file="test.rb" name="test_1950_equals_CML" assertions='1'>
  </testcase>
  <testcase time='0.000007' file="test.rb" name="test_1_equals_I" assertions='1'>
  </testcase>
  <testcase time='0.000012' file="test.rb" name="test_950_equals_CML" assertions='1'>
  </testcase>
  <testcase time='0.000011' file="test.rb" name="test_2_equals_II" assertions='1'>
  </testcase>
  <testcase time='0.000009' file="test.rb" name="test_10_equals_X" assertions='1'>
  </testcase>
  <testcase time='0.000009' file="test.rb" name="test_6_equals_VI" assertions='1'>
  </testcase>
  <testcase time='0.000008' file="test.rb" name="test_900_equals_CM" assertions='1'>
  </testcase>
</testsuite>
