<?xml version="1.0" encoding="UTF-8"?>
<testsuite time='0.000028' skipped='0' failures='0' errors='0' name="TestRomanNumerals" assertions='1' tests='1'>
  <testcase time='0.000028' file="test.rb" name="test_1_equals_I" assertions='1'>
  </testcase>
</testsuite>
