<?xml version="1.0" encoding="UTF-8"?>
<testsuite time='0.000109' skipped='0' failures='1' errors='0' name="TestRomanNumerals" assertions='3' tests='3'>
  <testcase time='0.000091' file="test.rb" name="test_2_equals_II" assertions='1'>
    <failure type='Minitest::Assertion' message="Expected: &quot;II&quot;&#13;&#10;  Actual: nil">/usr/lib/ruby/vendor_ruby/minitest/assertions.rb:129:in `assert&#39;
/usr/lib/ruby/vendor_ruby/minitest/assertions.rb:163:in `assert_equal&#39;
test.rb:13:in `test_2_equals_II&#39;
/usr/lib/ruby/vendor_ruby/minitest/test.rb:108:in `block (3 levels) in run&#39;
/usr/lib/ruby/vendor_ruby/minitest/test.rb:205:in `capture_exceptions&#39;
/usr/lib/ruby/vendor_ruby/minitest/test.rb:105:in `block (2 levels) in run&#39;
/usr/lib/ruby/vendor_ruby/minitest/test.rb:256:in `time_it&#39;
/usr/lib/ruby/vendor_ruby/minitest/test.rb:104:in `block in run&#39;
/usr/lib/ruby/vendor_ruby/minitest.rb:331:in `on_signal&#39;
/usr/lib/ruby/vendor_ruby/minitest/test.rb:276:in `with_info_handler&#39;
/usr/lib/ruby/vendor_ruby/minitest/test.rb:103:in `run&#39;
/usr/lib/ruby/vendor_ruby/minitest.rb:778:in `run_one_method&#39;
/usr/lib/ruby/vendor_ruby/minitest.rb:305:in `run_one_method&#39;
/usr/lib/ruby/vendor_ruby/minitest.rb:293:in `block (2 levels) in run&#39;
/usr/lib/ruby/vendor_ruby/minitest.rb:292:in `each&#39;
/usr/lib/ruby/vendor_ruby/minitest.rb:292:in `block in run&#39;
/usr/lib/ruby/vendor_ruby/minitest.rb:331:in `on_signal&#39;
/usr/lib/ruby/vendor_ruby/minitest.rb:318:in `with_info_handler&#39;
/usr/lib/ruby/vendor_ruby/minitest.rb:291:in `run&#39;
/usr/lib/ruby/vendor_ruby/minitest.rb:152:in `block in __run&#39;
/usr/lib/ruby/vendor_ruby/minitest.rb:152:in `map&#39;
/usr/lib/ruby/vendor_ruby/minitest.rb:152:in `__run&#39;
/usr/lib/ruby/vendor_ruby/minitest.rb:129:in `run&#39;
/usr/lib/ruby/vendor_ruby/minitest.rb:56:in `block in autorun&#39;
    </failure>
  </testcase>
  <testcase time='0.000011' file="test.rb" name="test_5_equals_V" assertions='1'>
  </testcase>
  <testcase time='0.000006' file="test.rb" name="test_1_equals_I" assertions='1'>
  </testcase>
</testsuite>
